c:\users\leesangwon0114\downloads\win32leesangwon\win32leesangwon\win32leesangwon\release\vc140.pdb
c:\users\leesangwon0114\downloads\win32leesangwon\win32leesangwon\win32leesangwon\release\uri.nativecodeanalysis.xml
c:\users\leesangwon0114\downloads\win32leesangwon\win32leesangwon\win32leesangwon\release\parser.nativecodeanalysis.xml
c:\users\leesangwon0114\downloads\win32leesangwon\win32leesangwon\win32leesangwon\release\main.nativecodeanalysis.xml
c:\users\leesangwon0114\downloads\win32leesangwon\win32leesangwon\win32leesangwon\release\inputcontroller.nativecodeanalysis.xml
c:\users\leesangwon0114\downloads\win32leesangwon\win32leesangwon\win32leesangwon\release\httpconnector.nativecodeanalysis.xml
c:\users\leesangwon0114\downloads\win32leesangwon\win32leesangwon\win32leesangwon\release\htmlparser.nativecodeanalysis.xml
c:\users\leesangwon0114\downloads\win32leesangwon\win32leesangwon\win32leesangwon\release\htmlparser.obj
c:\users\leesangwon0114\downloads\win32leesangwon\win32leesangwon\win32leesangwon\release\httpconnector.obj
c:\users\leesangwon0114\downloads\win32leesangwon\win32leesangwon\win32leesangwon\release\inputcontroller.obj
c:\users\leesangwon0114\downloads\win32leesangwon\win32leesangwon\win32leesangwon\release\main.obj
c:\users\leesangwon0114\downloads\win32leesangwon\win32leesangwon\win32leesangwon\release\parser.obj
c:\users\leesangwon0114\downloads\win32leesangwon\win32leesangwon\win32leesangwon\release\uri.obj
c:\users\leesangwon0114\downloads\win32leesangwon\win32leesangwon\release\win32leesangwon.exe
c:\users\leesangwon0114\downloads\win32leesangwon\win32leesangwon\release\win32leesangwon.ipdb
c:\users\leesangwon0114\downloads\win32leesangwon\win32leesangwon\release\win32leesangwon.iobj
c:\users\leesangwon0114\downloads\win32leesangwon\win32leesangwon\release\win32leesangwon.pdb
c:\users\leesangwon0114\downloads\win32leesangwon\win32leesangwon\win32leesangwon\release\nativecodeanalysis.read.1.tlog
c:\users\leesangwon0114\downloads\win32leesangwon\win32leesangwon\win32leesangwon\release\vc.nativecodeanalysis.all.xml
c:\users\leesangwon0114\downloads\win32leesangwon\win32leesangwon\release\win32leesangwon.exe.lastcodeanalysissucceeded
c:\users\leesangwon0114\downloads\win32leesangwon\win32leesangwon\win32leesangwon\release\win32leesangwon.tlog\cl.command.1.tlog
c:\users\leesangwon0114\downloads\win32leesangwon\win32leesangwon\win32leesangwon\release\win32leesangwon.tlog\cl.read.1.tlog
c:\users\leesangwon0114\downloads\win32leesangwon\win32leesangwon\win32leesangwon\release\win32leesangwon.tlog\cl.write.1.tlog
c:\users\leesangwon0114\downloads\win32leesangwon\win32leesangwon\win32leesangwon\release\win32leesangwon.tlog\link.command.1.tlog
c:\users\leesangwon0114\downloads\win32leesangwon\win32leesangwon\win32leesangwon\release\win32leesangwon.tlog\link.read.1.tlog
c:\users\leesangwon0114\downloads\win32leesangwon\win32leesangwon\win32leesangwon\release\win32leesangwon.tlog\link.write.1.tlog
