  main.cpp
c:\users\leesangwon0114\downloads\win32leesangwon\win32leesangwon\win32leesangwon\main.cpp(155): warning C4018: '<': signed 또는 unsigned가 일치하지 않습니다.
c:\users\leesangwon0114\downloads\win32leesangwon\win32leesangwon\win32leesangwon\main.cpp(267): warning C4018: '<': signed 또는 unsigned가 일치하지 않습니다.
c:\users\leesangwon0114\downloads\win32leesangwon\win32leesangwon\win32leesangwon\main.cpp(198): warning C4101: 'hOldBitmap' :참조되지 않은 지역 변수입니다.
c:\users\leesangwon0114\downloads\win32leesangwon\win32leesangwon\win32leesangwon\main.cpp(202): warning C4101: 'hdcBuffer' :참조되지 않은 지역 변수입니다.
c:\users\leesangwon0114\downloads\win32leesangwon\win32leesangwon\win32leesangwon\main.cpp(198): warning C4101: 'hBitmap' :참조되지 않은 지역 변수입니다.
c:\users\leesangwon0114\downloads\win32leesangwon\win32leesangwon\win32leesangwon\main.cpp(511): warning C4018: '<': signed 또는 unsigned가 일치하지 않습니다.
c:\users\leesangwon0114\downloads\win32leesangwon\win32leesangwon\win32leesangwon\main.cpp(440): warning C4101: 'ipaddress' :참조되지 않은 지역 변수입니다.
c:\users\leesangwon0114\downloads\win32leesangwon\win32leesangwon\win32leesangwon\main.cpp(566): warning C4018: '<': signed 또는 unsigned가 일치하지 않습니다.
  Uri.cpp
  Parser.cpp
c:\users\leesangwon0114\downloads\win32leesangwon\win32leesangwon\win32leesangwon\parser.cpp(29): warning C4305: '인수': 'int'에서 'char'(으)로 잘립니다.
c:\users\leesangwon0114\downloads\win32leesangwon\win32leesangwon\win32leesangwon\parser.cpp(29): warning C4309: '인수': 상수 값이 잘립니다.
c:\users\leesangwon0114\downloads\win32leesangwon\win32leesangwon\win32leesangwon\parser.cpp(66): warning C4018: '<': signed 또는 unsigned가 일치하지 않습니다.
c:\users\leesangwon0114\downloads\win32leesangwon\win32leesangwon\win32leesangwon\parser.cpp(72): warning C4018: '<': signed 또는 unsigned가 일치하지 않습니다.
  InputController.cpp
c:\users\leesangwon0114\downloads\win32leesangwon\win32leesangwon\win32leesangwon\inputcontroller.cpp(44): warning C4018: '<=': signed 또는 unsigned가 일치하지 않습니다.
  HttpConnector.cpp
  HTMLParser.cpp
  코드를 생성하고 있습니다...
  Win32LeeSangwon.vcxproj -> C:\Users\leesangwon0114\Downloads\Win32LeeSangwon\Win32LeeSangwon\Debug\Win32LeeSangwon.exe
