c:\users\leesangwon0114\downloads\win32leesangwon\win32leesangwon\win32leesangwon\debug\vc140.pdb
c:\users\leesangwon0114\downloads\win32leesangwon\win32leesangwon\win32leesangwon\debug\vc140.idb
c:\users\leesangwon0114\downloads\win32leesangwon\win32leesangwon\win32leesangwon\debug\htmlparser.obj
c:\users\leesangwon0114\downloads\win32leesangwon\win32leesangwon\win32leesangwon\debug\httpconnector.obj
c:\users\leesangwon0114\downloads\win32leesangwon\win32leesangwon\win32leesangwon\debug\inputcontroller.obj
c:\users\leesangwon0114\downloads\win32leesangwon\win32leesangwon\win32leesangwon\debug\main.obj
c:\users\leesangwon0114\downloads\win32leesangwon\win32leesangwon\win32leesangwon\debug\parser.obj
c:\users\leesangwon0114\downloads\win32leesangwon\win32leesangwon\win32leesangwon\debug\uri.obj
c:\users\leesangwon0114\downloads\win32leesangwon\win32leesangwon\win32leesangwon\debug\filesearch.obj
c:\users\leesangwon0114\downloads\win32leesangwon\win32leesangwon\debug\win32leesangwon.ilk
c:\users\leesangwon0114\downloads\win32leesangwon\win32leesangwon\debug\win32leesangwon.exe
c:\users\leesangwon0114\downloads\win32leesangwon\win32leesangwon\debug\win32leesangwon.pdb
c:\users\leesangwon0114\downloads\win32leesangwon\win32leesangwon\win32leesangwon\debug\filesearcher.tli
c:\users\leesangwon0114\downloads\win32leesangwon\win32leesangwon\win32leesangwon\debug\filesearcher.tlh
c:\users\leesangwon0114\downloads\win32leesangwon\win32leesangwon\win32leesangwon\debug\win32leesangwon.tlog\cl.command.1.tlog
c:\users\leesangwon0114\downloads\win32leesangwon\win32leesangwon\win32leesangwon\debug\win32leesangwon.tlog\cl.read.1.tlog
c:\users\leesangwon0114\downloads\win32leesangwon\win32leesangwon\win32leesangwon\debug\win32leesangwon.tlog\cl.write.1.tlog
c:\users\leesangwon0114\downloads\win32leesangwon\win32leesangwon\win32leesangwon\debug\win32leesangwon.tlog\link.command.1.tlog
c:\users\leesangwon0114\downloads\win32leesangwon\win32leesangwon\win32leesangwon\debug\win32leesangwon.tlog\link.read.1.tlog
c:\users\leesangwon0114\downloads\win32leesangwon\win32leesangwon\win32leesangwon\debug\win32leesangwon.tlog\link.write.1.tlog
